0 info it worked if it ends with ok
1 verbose cli [ '/usr/local/node/bin/node',
1 verbose cli   '/usr/local/node/bin/npm',
1 verbose cli   'run',
1 verbose cli   'localhost' ]
2 info using npm@2.5.1
3 info using node@v0.12.0
4 verbose stack Error: missing script: localhost
4 verbose stack     at run (/usr/local/node/lib/node_modules/npm/lib/run-script.js:138:19)
4 verbose stack     at /usr/local/node/lib/node_modules/npm/lib/run-script.js:81:5
4 verbose stack     at /usr/local/node/lib/node_modules/npm/node_modules/read-package-json/read-json.js:51:40
4 verbose stack     at final (/usr/local/node/lib/node_modules/npm/node_modules/read-package-json/read-json.js:349:17)
4 verbose stack     at then (/usr/local/node/lib/node_modules/npm/node_modules/read-package-json/read-json.js:126:33)
4 verbose stack     at /usr/local/node/lib/node_modules/npm/node_modules/read-package-json/read-json.js:331:40
4 verbose stack     at evalmachine.<anonymous>:336:14
4 verbose stack     at /usr/local/node/lib/node_modules/npm/node_modules/graceful-fs/graceful-fs.js:102:5
4 verbose stack     at FSReqWrap.oncomplete (evalmachine.<anonymous>:99:15)
5 verbose cwd /Users/thomasjanszen/codinghouse/AlerG-Dev/alerG-App
6 error Darwin 14.0.0
7 error argv "/usr/local/node/bin/node" "/usr/local/node/bin/npm" "run" "localhost"
8 error node v0.12.0
9 error npm  v2.5.1
10 error missing script: localhost
11 error If you need help, you may report this error at:
11 error     <http://github.com/npm/npm/issues>
12 verbose exit [ 1, true ]
